[2024-01-05 12:13:15] local.ERROR: SQLSTATE[HY000] [1045] Access denied for user 'root'@'127.0.0.1' (using password: NO) (SQL: select * from information_schema.tables where table_schema = thogata_census and table_name = migrations and table_type = 'BASE TABLE') {"exception":"[object] (Illuminate\\Database\\QueryException(code: 1045): SQLSTATE[HY000] [1045] Access denied for user 'root'@'127.0.0.1' (using password: NO) (SQL: select * from information_schema.tables where table_schema = thogata_census and table_name = migrations and table_type = 'BASE TABLE') at /home/u517508351/domains/thogata.co.in/projects/census/vendor/laravel/framework/src/Illuminate/Database/Connection.php:760)
[stacktrace]
#0 /home/u517508351/domains/thogata.co.in/projects/census/vendor/laravel/framework/src/Illuminate/Database/Connection.php(720): Illuminate\\Database\\Connection->runQueryCallback()
#1 /home/u517508351/domains/thogata.co.in/projects/census/vendor/laravel/framework/src/Illuminate/Database/Connection.php(422): Illuminate\\Database\\Connection->run()
#2 /home/u517508351/domains/thogata.co.in/projects/census/vendor/laravel/framework/src/Illuminate/Database/Connection.php(392): Illuminate\\Database\\Connection->select()
#3 /home/u517508351/domains/thogata.co.in/projects/census/vendor/laravel/framework/src/Illuminate/Database/Schema/MySqlBuilder.php(44): Illuminate\\Database\\Connection->selectFromWriteConnection()
#4 /home/u517508351/domains/thogata.co.in/projects/census/vendor/laravel/framework/src/Illuminate/Database/Migrations/DatabaseMigrationRepository.php(169): Illuminate\\Database\\Schema\\MySqlBuilder->hasTable()
#5 /home/u517508351/domains/thogata.co.in/projects/census/vendor/laravel/framework/src/Illuminate/Database/Migrations/Migrator.php(695): Illuminate\\Database\\Migrations\\DatabaseMigrationRepository->repositoryExists()
#6 /home/u517508351/domains/thogata.co.in/projects/census/vendor/laravel/framework/src/Illuminate/Database/Console/Migrations/ResetCommand.php(62): Illuminate\\Database\\Migrations\\Migrator->repositoryExists()
#7 /home/u517508351/domains/thogata.co.in/projects/census/vendor/laravel/framework/src/Illuminate/Database/Migrations/Migrator.php(628): Illuminate\\Database\\Console\\Migrations\\ResetCommand->Illuminate\\Database\\Console\\Migrations\\{closure}()
#8 /home/u517508351/domains/thogata.co.in/projects/census/vendor/laravel/framework/src/Illuminate/Database/Console/Migrations/ResetCommand.php(69): Illuminate\\Database\\Migrations\\Migrator->usingConnection()
#9 /home/u517508351/domains/thogata.co.in/projects/census/vendor/laravel/framework/src/Illuminate/Container/BoundMethod.php(36): Illuminate\\Database\\Console\\Migrations\\ResetCommand->handle()
#10 /home/u517508351/domains/thogata.co.in/projects/census/vendor/laravel/framework/src/Illuminate/Container/Util.php(41): Illuminate\\Container\\BoundMethod::Illuminate\\Container\\{closure}()
#11 /home/u517508351/domains/thogata.co.in/projects/census/vendor/laravel/framework/src/Illuminate/Container/BoundMethod.php(93): Illuminate\\Container\\Util::unwrapIfClosure()
#12 /home/u517508351/domains/thogata.co.in/projects/census/vendor/laravel/framework/src/Illuminate/Container/BoundMethod.php(37): Illuminate\\Container\\BoundMethod::callBoundMethod()
#13 /home/u517508351/domains/thogata.co.in/projects/census/vendor/laravel/framework/src/Illuminate/Container/Container.php(661): Illuminate\\Container\\BoundMethod::call()
#14 /home/u517508351/domains/thogata.co.in/projects/census/vendor/laravel/framework/src/Illuminate/Console/Command.php(183): Illuminate\\Container\\Container->call()
#15 /home/u517508351/domains/thogata.co.in/projects/census/vendor/symfony/console/Command/Command.php(326): Illuminate\\Console\\Command->execute()
#16 /home/u517508351/domains/thogata.co.in/projects/census/vendor/laravel/framework/src/Illuminate/Console/Command.php(153): Symfony\\Component\\Console\\Command\\Command->run()
#17 /home/u517508351/domains/thogata.co.in/projects/census/vendor/laravel/framework/src/Illuminate/Console/Concerns/CallsCommands.php(68): Illuminate\\Console\\Command->run()
#18 /home/u517508351/domains/thogata.co.in/projects/census/vendor/laravel/framework/src/Illuminate/Console/Concerns/CallsCommands.php(28): Illuminate\\Console\\Command->runCommand()
#19 /home/u517508351/domains/thogata.co.in/projects/census/vendor/laravel/framework/src/Illuminate/Database/Console/Migrations/RefreshCommand.php(110): Illuminate\\Console\\Command->call()
#20 /home/u517508351/domains/thogata.co.in/projects/census/vendor/laravel/framework/src/Illuminate/Database/Console/Migrations/RefreshCommand.php(55): Illuminate\\Database\\Console\\Migrations\\RefreshCommand->runReset()
#21 /home/u517508351/domains/thogata.co.in/projects/census/vendor/laravel/framework/src/Illuminate/Container/BoundMethod.php(36): Illuminate\\Database\\Console\\Migrations\\RefreshCommand->handle()
#22 /home/u517508351/domains/thogata.co.in/projects/census/vendor/laravel/framework/src/Illuminate/Container/Util.php(41): Illuminate\\Container\\BoundMethod::Illuminate\\Container\\{closure}()
#23 /home/u517508351/domains/thogata.co.in/projects/census/vendor/laravel/framework/src/Illuminate/Container/BoundMethod.php(93): Illuminate\\Container\\Util::unwrapIfClosure()
#24 /home/u517508351/domains/thogata.co.in/projects/census/vendor/laravel/framework/src/Illuminate/Container/BoundMethod.php(37): Illuminate\\Container\\BoundMethod::callBoundMethod()
#25 /home/u517508351/domains/thogata.co.in/projects/census/vendor/laravel/framework/src/Illuminate/Container/Container.php(661): Illuminate\\Container\\BoundMethod::call()
#26 /home/u517508351/domains/thogata.co.in/projects/census/vendor/laravel/framework/src/Illuminate/Console/Command.php(183): Illuminate\\Container\\Container->call()
#27 /home/u517508351/domains/thogata.co.in/projects/census/vendor/symfony/console/Command/Command.php(326): Illuminate\\Console\\Command->execute()
#28 /home/u517508351/domains/thogata.co.in/projects/census/vendor/laravel/framework/src/Illuminate/Console/Command.php(153): Symfony\\Component\\Console\\Command\\Command->run()
#29 /home/u517508351/domains/thogata.co.in/projects/census/vendor/symfony/console/Application.php(1063): Illuminate\\Console\\Command->run()
#30 /home/u517508351/domains/thogata.co.in/projects/census/vendor/symfony/console/Application.php(320): Symfony\\Component\\Console\\Application->doRunCommand()
#31 /home/u517508351/domains/thogata.co.in/projects/census/vendor/symfony/console/Application.php(174): Symfony\\Component\\Console\\Application->doRun()
#32 /home/u517508351/domains/thogata.co.in/projects/census/vendor/laravel/framework/src/Illuminate/Console/Application.php(102): Symfony\\Component\\Console\\Application->run()
#33 /home/u517508351/domains/thogata.co.in/projects/census/vendor/laravel/framework/src/Illuminate/Foundation/Console/Kernel.php(155): Illuminate\\Console\\Application->run()
#34 /home/u517508351/domains/thogata.co.in/projects/census/artisan(37): Illuminate\\Foundation\\Console\\Kernel->handle()
#35 {main}

[previous exception] [object] (PDOException(code: 1045): SQLSTATE[HY000] [1045] Access denied for user 'root'@'127.0.0.1' (using password: NO) at /home/u517508351/domains/thogata.co.in/projects/census/vendor/laravel/framework/src/Illuminate/Database/Connectors/Connector.php:70)
[stacktrace]
#0 /home/u517508351/domains/thogata.co.in/projects/census/vendor/laravel/framework/src/Illuminate/Database/Connectors/Connector.php(70): PDO->__construct()
#1 /home/u517508351/domains/thogata.co.in/projects/census/vendor/laravel/framework/src/Illuminate/Database/Connectors/Connector.php(46): Illuminate\\Database\\Connectors\\Connector->createPdoConnection()
#2 /home/u517508351/domains/thogata.co.in/projects/census/vendor/laravel/framework/src/Illuminate/Database/Connectors/MySqlConnector.php(24): Illuminate\\Database\\Connectors\\Connector->createConnection()
#3 /home/u517508351/domains/thogata.co.in/projects/census/vendor/laravel/framework/src/Illuminate/Database/Connectors/ConnectionFactory.php(184): Illuminate\\Database\\Connectors\\MySqlConnector->connect()
#4 [internal function]: Illuminate\\Database\\Connectors\\ConnectionFactory->Illuminate\\Database\\Connectors\\{closure}()
#5 /home/u517508351/domains/thogata.co.in/projects/census/vendor/laravel/framework/src/Illuminate/Database/Connection.php(1181): call_user_func()
#6 /home/u517508351/domains/thogata.co.in/projects/census/vendor/laravel/framework/src/Illuminate/Database/Connection.php(486): Illuminate\\Database\\Connection->getPdo()
#7 /home/u517508351/domains/thogata.co.in/projects/census/vendor/laravel/framework/src/Illuminate/Database/Connection.php(414): Illuminate\\Database\\Connection->getPdoForSelect()
#8 /home/u517508351/domains/thogata.co.in/projects/census/vendor/laravel/framework/src/Illuminate/Database/Connection.php(753): Illuminate\\Database\\Connection->Illuminate\\Database\\{closure}()
#9 /home/u517508351/domains/thogata.co.in/projects/census/vendor/laravel/framework/src/Illuminate/Database/Connection.php(720): Illuminate\\Database\\Connection->runQueryCallback()
#10 /home/u517508351/domains/thogata.co.in/projects/census/vendor/laravel/framework/src/Illuminate/Database/Connection.php(422): Illuminate\\Database\\Connection->run()
#11 /home/u517508351/domains/thogata.co.in/projects/census/vendor/laravel/framework/src/Illuminate/Database/Connection.php(392): Illuminate\\Database\\Connection->select()
#12 /home/u517508351/domains/thogata.co.in/projects/census/vendor/laravel/framework/src/Illuminate/Database/Schema/MySqlBuilder.php(44): Illuminate\\Database\\Connection->selectFromWriteConnection()
#13 /home/u517508351/domains/thogata.co.in/projects/census/vendor/laravel/framework/src/Illuminate/Database/Migrations/DatabaseMigrationRepository.php(169): Illuminate\\Database\\Schema\\MySqlBuilder->hasTable()
#14 /home/u517508351/domains/thogata.co.in/projects/census/vendor/laravel/framework/src/Illuminate/Database/Migrations/Migrator.php(695): Illuminate\\Database\\Migrations\\DatabaseMigrationRepository->repositoryExists()
#15 /home/u517508351/domains/thogata.co.in/projects/census/vendor/laravel/framework/src/Illuminate/Database/Console/Migrations/ResetCommand.php(62): Illuminate\\Database\\Migrations\\Migrator->repositoryExists()
#16 /home/u517508351/domains/thogata.co.in/projects/census/vendor/laravel/framework/src/Illuminate/Database/Migrations/Migrator.php(628): Illuminate\\Database\\Console\\Migrations\\ResetCommand->Illuminate\\Database\\Console\\Migrations\\{closure}()
#17 /home/u517508351/domains/thogata.co.in/projects/census/vendor/laravel/framework/src/Illuminate/Database/Console/Migrations/ResetCommand.php(69): Illuminate\\Database\\Migrations\\Migrator->usingConnection()
#18 /home/u517508351/domains/thogata.co.in/projects/census/vendor/laravel/framework/src/Illuminate/Container/BoundMethod.php(36): Illuminate\\Database\\Console\\Migrations\\ResetCommand->handle()
#19 /home/u517508351/domains/thogata.co.in/projects/census/vendor/laravel/framework/src/Illuminate/Container/Util.php(41): Illuminate\\Container\\BoundMethod::Illuminate\\Container\\{closure}()
#20 /home/u517508351/domains/thogata.co.in/projects/census/vendor/laravel/framework/src/Illuminate/Container/BoundMethod.php(93): Illuminate\\Container\\Util::unwrapIfClosure()
#21 /home/u517508351/domains/thogata.co.in/projects/census/vendor/laravel/framework/src/Illuminate/Container/BoundMethod.php(37): Illuminate\\Container\\BoundMethod::callBoundMethod()
#22 /home/u517508351/domains/thogata.co.in/projects/census/vendor/laravel/framework/src/Illuminate/Container/Container.php(661): Illuminate\\Container\\BoundMethod::call()
#23 /home/u517508351/domains/thogata.co.in/projects/census/vendor/laravel/framework/src/Illuminate/Console/Command.php(183): Illuminate\\Container\\Container->call()
#24 /home/u517508351/domains/thogata.co.in/projects/census/vendor/symfony/console/Command/Command.php(326): Illuminate\\Console\\Command->execute()
#25 /home/u517508351/domains/thogata.co.in/projects/census/vendor/laravel/framework/src/Illuminate/Console/Command.php(153): Symfony\\Component\\Console\\Command\\Command->run()
#26 /home/u517508351/domains/thogata.co.in/projects/census/vendor/laravel/framework/src/Illuminate/Console/Concerns/CallsCommands.php(68): Illuminate\\Console\\Command->run()
#27 /home/u517508351/domains/thogata.co.in/projects/census/vendor/laravel/framework/src/Illuminate/Console/Concerns/CallsCommands.php(28): Illuminate\\Console\\Command->runCommand()
#28 /home/u517508351/domains/thogata.co.in/projects/census/vendor/laravel/framework/src/Illuminate/Database/Console/Migrations/RefreshCommand.php(110): Illuminate\\Console\\Command->call()
#29 /home/u517508351/domains/thogata.co.in/projects/census/vendor/laravel/framework/src/Illuminate/Database/Console/Migrations/RefreshCommand.php(55): Illuminate\\Database\\Console\\Migrations\\RefreshCommand->runReset()
#30 /home/u517508351/domains/thogata.co.in/projects/census/vendor/laravel/framework/src/Illuminate/Container/BoundMethod.php(36): Illuminate\\Database\\Console\\Migrations\\RefreshCommand->handle()
#31 /home/u517508351/domains/thogata.co.in/projects/census/vendor/laravel/framework/src/Illuminate/Container/Util.php(41): Illuminate\\Container\\BoundMethod::Illuminate\\Container\\{closure}()
#32 /home/u517508351/domains/thogata.co.in/projects/census/vendor/laravel/framework/src/Illuminate/Container/BoundMethod.php(93): Illuminate\\Container\\Util::unwrapIfClosure()
#33 /home/u517508351/domains/thogata.co.in/projects/census/vendor/laravel/framework/src/Illuminate/Container/BoundMethod.php(37): Illuminate\\Container\\BoundMethod::callBoundMethod()
#34 /home/u517508351/domains/thogata.co.in/projects/census/vendor/laravel/framework/src/Illuminate/Container/Container.php(661): Illuminate\\Container\\BoundMethod::call()
#35 /home/u517508351/domains/thogata.co.in/projects/census/vendor/laravel/framework/src/Illuminate/Console/Command.php(183): Illuminate\\Container\\Container->call()
#36 /home/u517508351/domains/thogata.co.in/projects/census/vendor/symfony/console/Command/Command.php(326): Illuminate\\Console\\Command->execute()
#37 /home/u517508351/domains/thogata.co.in/projects/census/vendor/laravel/framework/src/Illuminate/Console/Command.php(153): Symfony\\Component\\Console\\Command\\Command->run()
#38 /home/u517508351/domains/thogata.co.in/projects/census/vendor/symfony/console/Application.php(1063): Illuminate\\Console\\Command->run()
#39 /home/u517508351/domains/thogata.co.in/projects/census/vendor/symfony/console/Application.php(320): Symfony\\Component\\Console\\Application->doRunCommand()
#40 /home/u517508351/domains/thogata.co.in/projects/census/vendor/symfony/console/Application.php(174): Symfony\\Component\\Console\\Application->doRun()
#41 /home/u517508351/domains/thogata.co.in/projects/census/vendor/laravel/framework/src/Illuminate/Console/Application.php(102): Symfony\\Component\\Console\\Application->run()
#42 /home/u517508351/domains/thogata.co.in/projects/census/vendor/laravel/framework/src/Illuminate/Foundation/Console/Kernel.php(155): Illuminate\\Console\\Application->run()
#43 /home/u517508351/domains/thogata.co.in/projects/census/artisan(37): Illuminate\\Foundation\\Console\\Kernel->handle()
#44 {main}
"} 
[2024-01-05 12:13:16] local.ERROR: SQLSTATE[HY000] [1045] Access denied for user 'root'@'127.0.0.1' (using password: NO) (SQL: select count(*) as aggregate from `telescope_entries` where `type` = exception and `family_hash` = 7e71151e137e271473bc3ddbec09e1fd) {"exception":"[object] (Illuminate\\Database\\QueryException(code: 1045): SQLSTATE[HY000] [1045] Access denied for user 'root'@'127.0.0.1' (using password: NO) (SQL: select count(*) as aggregate from `telescope_entries` where `type` = exception and `family_hash` = 7e71151e137e271473bc3ddbec09e1fd) at /home/u517508351/domains/thogata.co.in/projects/census/vendor/laravel/framework/src/Illuminate/Database/Connection.php:760)
[stacktrace]
#0 /home/u517508351/domains/thogata.co.in/projects/census/vendor/laravel/framework/src/Illuminate/Database/Connection.php(720): Illuminate\\Database\\Connection->runQueryCallback()
#1 /home/u517508351/domains/thogata.co.in/projects/census/vendor/laravel/framework/src/Illuminate/Database/Connection.php(422): Illuminate\\Database\\Connection->run()
#2 /home/u517508351/domains/thogata.co.in/projects/census/vendor/laravel/framework/src/Illuminate/Database/Query/Builder.php(2706): Illuminate\\Database\\Connection->select()
#3 /home/u517508351/domains/thogata.co.in/projects/census/vendor/laravel/framework/src/Illuminate/Database/Query/Builder.php(2694): Illuminate\\Database\\Query\\Builder->runSelect()
#4 /home/u517508351/domains/thogata.co.in/projects/census/vendor/laravel/framework/src/Illuminate/Database/Query/Builder.php(3230): Illuminate\\Database\\Query\\Builder->Illuminate\\Database\\Query\\{closure}()
#5 /home/u517508351/domains/thogata.co.in/projects/census/vendor/laravel/framework/src/Illuminate/Database/Query/Builder.php(2695): Illuminate\\Database\\Query\\Builder->onceWithColumns()
#6 /home/u517508351/domains/thogata.co.in/projects/census/vendor/laravel/framework/src/Illuminate/Database/Query/Builder.php(3157): Illuminate\\Database\\Query\\Builder->get()
#7 /home/u517508351/domains/thogata.co.in/projects/census/vendor/laravel/framework/src/Illuminate/Database/Query/Builder.php(3085): Illuminate\\Database\\Query\\Builder->aggregate()
#8 /home/u517508351/domains/thogata.co.in/projects/census/vendor/laravel/telescope/src/Storage/DatabaseEntriesRepository.php(122): Illuminate\\Database\\Query\\Builder->count()
#9 /home/u517508351/domains/thogata.co.in/projects/census/vendor/laravel/telescope/src/Storage/DatabaseEntriesRepository.php(164): Laravel\\Telescope\\Storage\\DatabaseEntriesRepository->countExceptionOccurences()
#10 [internal function]: Laravel\\Telescope\\Storage\\DatabaseEntriesRepository->Laravel\\Telescope\\Storage\\{closure}()
#11 /home/u517508351/domains/thogata.co.in/projects/census/vendor/laravel/framework/src/Illuminate/Collections/Arr.php(560): array_map()
#12 /home/u517508351/domains/thogata.co.in/projects/census/vendor/laravel/framework/src/Illuminate/Collections/Collection.php(768): Illuminate\\Support\\Arr::map()
#13 /home/u517508351/domains/thogata.co.in/projects/census/vendor/laravel/telescope/src/Storage/DatabaseEntriesRepository.php(177): Illuminate\\Support\\Collection->map()
#14 /home/u517508351/domains/thogata.co.in/projects/census/vendor/laravel/framework/src/Illuminate/Collections/Traits/EnumeratesValues.php(235): Laravel\\Telescope\\Storage\\DatabaseEntriesRepository->Laravel\\Telescope\\Storage\\{closure}()
#15 /home/u517508351/domains/thogata.co.in/projects/census/vendor/laravel/telescope/src/Storage/DatabaseEntriesRepository.php(178): Illuminate\\Support\\Collection->each()
#16 /home/u517508351/domains/thogata.co.in/projects/census/vendor/laravel/telescope/src/Storage/DatabaseEntriesRepository.php(139): Laravel\\Telescope\\Storage\\DatabaseEntriesRepository->storeExceptions()
#17 /home/u517508351/domains/thogata.co.in/projects/census/vendor/laravel/telescope/src/Telescope.php(668): Laravel\\Telescope\\Storage\\DatabaseEntriesRepository->store()
#18 [internal function]: Laravel\\Telescope\\Telescope::Laravel\\Telescope\\{closure}()
#19 /home/u517508351/domains/thogata.co.in/projects/census/vendor/laravel/telescope/src/Telescope.php(293): call_user_func()
#20 /home/u517508351/domains/thogata.co.in/projects/census/vendor/laravel/telescope/src/Telescope.php(686): Laravel\\Telescope\\Telescope::withoutRecording()
#21 /home/u517508351/domains/thogata.co.in/projects/census/vendor/laravel/telescope/src/ListensForStorageOpportunities.php(65): Laravel\\Telescope\\Telescope::store()
#22 /home/u517508351/domains/thogata.co.in/projects/census/vendor/laravel/framework/src/Illuminate/Container/BoundMethod.php(36): Laravel\\Telescope\\Telescope::Laravel\\Telescope\\{closure}()
#23 /home/u517508351/domains/thogata.co.in/projects/census/vendor/laravel/framework/src/Illuminate/Container/Util.php(41): Illuminate\\Container\\BoundMethod::Illuminate\\Container\\{closure}()
#24 /home/u517508351/domains/thogata.co.in/projects/census/vendor/laravel/framework/src/Illuminate/Container/BoundMethod.php(81): Illuminate\\Container\\Util::unwrapIfClosure()
#25 /home/u517508351/domains/thogata.co.in/projects/census/vendor/laravel/framework/src/Illuminate/Container/BoundMethod.php(37): Illuminate\\Container\\BoundMethod::callBoundMethod()
#26 /home/u517508351/domains/thogata.co.in/projects/census/vendor/laravel/framework/src/Illuminate/Container/Container.php(661): Illuminate\\Container\\BoundMethod::call()
#27 /home/u517508351/domains/thogata.co.in/projects/census/vendor/laravel/framework/src/Illuminate/Foundation/Application.php(1173): Illuminate\\Container\\Container->call()
#28 /home/u517508351/domains/thogata.co.in/projects/census/vendor/laravel/framework/src/Illuminate/Foundation/Console/Kernel.php(174): Illuminate\\Foundation\\Application->terminate()
#29 /home/u517508351/domains/thogata.co.in/projects/census/artisan(51): Illuminate\\Foundation\\Console\\Kernel->terminate()
#30 {main}

[previous exception] [object] (PDOException(code: 1045): SQLSTATE[HY000] [1045] Access denied for user 'root'@'127.0.0.1' (using password: NO) at /home/u517508351/domains/thogata.co.in/projects/census/vendor/laravel/framework/src/Illuminate/Database/Connectors/Connector.php:70)
[stacktrace]
#0 /home/u517508351/domains/thogata.co.in/projects/census/vendor/laravel/framework/src/Illuminate/Database/Connectors/Connector.php(70): PDO->__construct()
#1 /home/u517508351/domains/thogata.co.in/projects/census/vendor/laravel/framework/src/Illuminate/Database/Connectors/Connector.php(46): Illuminate\\Database\\Connectors\\Connector->createPdoConnection()
#2 /home/u517508351/domains/thogata.co.in/projects/census/vendor/laravel/framework/src/Illuminate/Database/Connectors/MySqlConnector.php(24): Illuminate\\Database\\Connectors\\Connector->createConnection()
#3 /home/u517508351/domains/thogata.co.in/projects/census/vendor/laravel/framework/src/Illuminate/Database/Connectors/ConnectionFactory.php(184): Illuminate\\Database\\Connectors\\MySqlConnector->connect()
#4 [internal function]: Illuminate\\Database\\Connectors\\ConnectionFactory->Illuminate\\Database\\Connectors\\{closure}()
#5 /home/u517508351/domains/thogata.co.in/projects/census/vendor/laravel/framework/src/Illuminate/Database/Connection.php(1181): call_user_func()
#6 /home/u517508351/domains/thogata.co.in/projects/census/vendor/laravel/framework/src/Illuminate/Database/Connection.php(1217): Illuminate\\Database\\Connection->getPdo()
#7 /home/u517508351/domains/thogata.co.in/projects/census/vendor/laravel/framework/src/Illuminate/Database/Connection.php(486): Illuminate\\Database\\Connection->getReadPdo()
#8 /home/u517508351/domains/thogata.co.in/projects/census/vendor/laravel/framework/src/Illuminate/Database/Connection.php(414): Illuminate\\Database\\Connection->getPdoForSelect()
#9 /home/u517508351/domains/thogata.co.in/projects/census/vendor/laravel/framework/src/Illuminate/Database/Connection.php(753): Illuminate\\Database\\Connection->Illuminate\\Database\\{closure}()
#10 /home/u517508351/domains/thogata.co.in/projects/census/vendor/laravel/framework/src/Illuminate/Database/Connection.php(720): Illuminate\\Database\\Connection->runQueryCallback()
#11 /home/u517508351/domains/thogata.co.in/projects/census/vendor/laravel/framework/src/Illuminate/Database/Connection.php(422): Illuminate\\Database\\Connection->run()
#12 /home/u517508351/domains/thogata.co.in/projects/census/vendor/laravel/framework/src/Illuminate/Database/Query/Builder.php(2706): Illuminate\\Database\\Connection->select()
#13 /home/u517508351/domains/thogata.co.in/projects/census/vendor/laravel/framework/src/Illuminate/Database/Query/Builder.php(2694): Illuminate\\Database\\Query\\Builder->runSelect()
#14 /home/u517508351/domains/thogata.co.in/projects/census/vendor/laravel/framework/src/Illuminate/Database/Query/Builder.php(3230): Illuminate\\Database\\Query\\Builder->Illuminate\\Database\\Query\\{closure}()
#15 /home/u517508351/domains/thogata.co.in/projects/census/vendor/laravel/framework/src/Illuminate/Database/Query/Builder.php(2695): Illuminate\\Database\\Query\\Builder->onceWithColumns()
#16 /home/u517508351/domains/thogata.co.in/projects/census/vendor/laravel/framework/src/Illuminate/Database/Query/Builder.php(3157): Illuminate\\Database\\Query\\Builder->get()
#17 /home/u517508351/domains/thogata.co.in/projects/census/vendor/laravel/framework/src/Illuminate/Database/Query/Builder.php(3085): Illuminate\\Database\\Query\\Builder->aggregate()
#18 /home/u517508351/domains/thogata.co.in/projects/census/vendor/laravel/telescope/src/Storage/DatabaseEntriesRepository.php(122): Illuminate\\Database\\Query\\Builder->count()
#19 /home/u517508351/domains/thogata.co.in/projects/census/vendor/laravel/telescope/src/Storage/DatabaseEntriesRepository.php(164): Laravel\\Telescope\\Storage\\DatabaseEntriesRepository->countExceptionOccurences()
#20 [internal function]: Laravel\\Telescope\\Storage\\DatabaseEntriesRepository->Laravel\\Telescope\\Storage\\{closure}()
#21 /home/u517508351/domains/thogata.co.in/projects/census/vendor/laravel/framework/src/Illuminate/Collections/Arr.php(560): array_map()
#22 /home/u517508351/domains/thogata.co.in/projects/census/vendor/laravel/framework/src/Illuminate/Collections/Collection.php(768): Illuminate\\Support\\Arr::map()
#23 /home/u517508351/domains/thogata.co.in/projects/census/vendor/laravel/telescope/src/Storage/DatabaseEntriesRepository.php(177): Illuminate\\Support\\Collection->map()
#24 /home/u517508351/domains/thogata.co.in/projects/census/vendor/laravel/framework/src/Illuminate/Collections/Traits/EnumeratesValues.php(235): Laravel\\Telescope\\Storage\\DatabaseEntriesRepository->Laravel\\Telescope\\Storage\\{closure}()
#25 /home/u517508351/domains/thogata.co.in/projects/census/vendor/laravel/telescope/src/Storage/DatabaseEntriesRepository.php(178): Illuminate\\Support\\Collection->each()
#26 /home/u517508351/domains/thogata.co.in/projects/census/vendor/laravel/telescope/src/Storage/DatabaseEntriesRepository.php(139): Laravel\\Telescope\\Storage\\DatabaseEntriesRepository->storeExceptions()
#27 /home/u517508351/domains/thogata.co.in/projects/census/vendor/laravel/telescope/src/Telescope.php(668): Laravel\\Telescope\\Storage\\DatabaseEntriesRepository->store()
#28 [internal function]: Laravel\\Telescope\\Telescope::Laravel\\Telescope\\{closure}()
#29 /home/u517508351/domains/thogata.co.in/projects/census/vendor/laravel/telescope/src/Telescope.php(293): call_user_func()
#30 /home/u517508351/domains/thogata.co.in/projects/census/vendor/laravel/telescope/src/Telescope.php(686): Laravel\\Telescope\\Telescope::withoutRecording()
#31 /home/u517508351/domains/thogata.co.in/projects/census/vendor/laravel/telescope/src/ListensForStorageOpportunities.php(65): Laravel\\Telescope\\Telescope::store()
#32 /home/u517508351/domains/thogata.co.in/projects/census/vendor/laravel/framework/src/Illuminate/Container/BoundMethod.php(36): Laravel\\Telescope\\Telescope::Laravel\\Telescope\\{closure}()
#33 /home/u517508351/domains/thogata.co.in/projects/census/vendor/laravel/framework/src/Illuminate/Container/Util.php(41): Illuminate\\Container\\BoundMethod::Illuminate\\Container\\{closure}()
#34 /home/u517508351/domains/thogata.co.in/projects/census/vendor/laravel/framework/src/Illuminate/Container/BoundMethod.php(81): Illuminate\\Container\\Util::unwrapIfClosure()
#35 /home/u517508351/domains/thogata.co.in/projects/census/vendor/laravel/framework/src/Illuminate/Container/BoundMethod.php(37): Illuminate\\Container\\BoundMethod::callBoundMethod()
#36 /home/u517508351/domains/thogata.co.in/projects/census/vendor/laravel/framework/src/Illuminate/Container/Container.php(661): Illuminate\\Container\\BoundMethod::call()
#37 /home/u517508351/domains/thogata.co.in/projects/census/vendor/laravel/framework/src/Illuminate/Foundation/Application.php(1173): Illuminate\\Container\\Container->call()
#38 /home/u517508351/domains/thogata.co.in/projects/census/vendor/laravel/framework/src/Illuminate/Foundation/Console/Kernel.php(174): Illuminate\\Foundation\\Application->terminate()
#39 /home/u517508351/domains/thogata.co.in/projects/census/artisan(51): Illuminate\\Foundation\\Console\\Kernel->terminate()
#40 {main}
"} 
[2024-01-05 12:20:53] local.ERROR: There are no commands defined in the "gen" namespace.

Did you mean this?
    get {"exception":"[object] (Symfony\\Component\\Console\\Exception\\NamespaceNotFoundException(code: 0): There are no commands defined in the \"gen\" namespace.

Did you mean this?
    get at /home/u517508351/domains/thogata.co.in/projects/census/vendor/symfony/console/Application.php:657)
[stacktrace]
#0 /home/u517508351/domains/thogata.co.in/projects/census/vendor/symfony/console/Application.php(708): Symfony\\Component\\Console\\Application->findNamespace()
#1 /home/u517508351/domains/thogata.co.in/projects/census/vendor/symfony/console/Application.php(262): Symfony\\Component\\Console\\Application->find()
#2 /home/u517508351/domains/thogata.co.in/projects/census/vendor/symfony/console/Application.php(174): Symfony\\Component\\Console\\Application->doRun()
#3 /home/u517508351/domains/thogata.co.in/projects/census/vendor/laravel/framework/src/Illuminate/Console/Application.php(102): Symfony\\Component\\Console\\Application->run()
#4 /home/u517508351/domains/thogata.co.in/projects/census/vendor/laravel/framework/src/Illuminate/Foundation/Console/Kernel.php(155): Illuminate\\Console\\Application->run()
#5 /home/u517508351/domains/thogata.co.in/projects/census/artisan(37): Illuminate\\Foundation\\Console\\Kernel->handle()
#6 {main}
"} 
[2024-01-05 12:20:53] local.ERROR: SQLSTATE[HY000] [1045] Access denied for user 'root'@'127.0.0.1' (using password: NO) (SQL: select count(*) as aggregate from `telescope_entries` where `type` = exception and `family_hash` = bf96796cbadb0cca1037047360f6a47a) {"exception":"[object] (Illuminate\\Database\\QueryException(code: 1045): SQLSTATE[HY000] [1045] Access denied for user 'root'@'127.0.0.1' (using password: NO) (SQL: select count(*) as aggregate from `telescope_entries` where `type` = exception and `family_hash` = bf96796cbadb0cca1037047360f6a47a) at /home/u517508351/domains/thogata.co.in/projects/census/vendor/laravel/framework/src/Illuminate/Database/Connection.php:760)
[stacktrace]
#0 /home/u517508351/domains/thogata.co.in/projects/census/vendor/laravel/framework/src/Illuminate/Database/Connection.php(720): Illuminate\\Database\\Connection->runQueryCallback()
#1 /home/u517508351/domains/thogata.co.in/projects/census/vendor/laravel/framework/src/Illuminate/Database/Connection.php(422): Illuminate\\Database\\Connection->run()
#2 /home/u517508351/domains/thogata.co.in/projects/census/vendor/laravel/framework/src/Illuminate/Database/Query/Builder.php(2706): Illuminate\\Database\\Connection->select()
#3 /home/u517508351/domains/thogata.co.in/projects/census/vendor/laravel/framework/src/Illuminate/Database/Query/Builder.php(2694): Illuminate\\Database\\Query\\Builder->runSelect()
#4 /home/u517508351/domains/thogata.co.in/projects/census/vendor/laravel/framework/src/Illuminate/Database/Query/Builder.php(3230): Illuminate\\Database\\Query\\Builder->Illuminate\\Database\\Query\\{closure}()
#5 /home/u517508351/domains/thogata.co.in/projects/census/vendor/laravel/framework/src/Illuminate/Database/Query/Builder.php(2695): Illuminate\\Database\\Query\\Builder->onceWithColumns()
#6 /home/u517508351/domains/thogata.co.in/projects/census/vendor/laravel/framework/src/Illuminate/Database/Query/Builder.php(3157): Illuminate\\Database\\Query\\Builder->get()
#7 /home/u517508351/domains/thogata.co.in/projects/census/vendor/laravel/framework/src/Illuminate/Database/Query/Builder.php(3085): Illuminate\\Database\\Query\\Builder->aggregate()
#8 /home/u517508351/domains/thogata.co.in/projects/census/vendor/laravel/telescope/src/Storage/DatabaseEntriesRepository.php(122): Illuminate\\Database\\Query\\Builder->count()
#9 /home/u517508351/domains/thogata.co.in/projects/census/vendor/laravel/telescope/src/Storage/DatabaseEntriesRepository.php(164): Laravel\\Telescope\\Storage\\DatabaseEntriesRepository->countExceptionOccurences()
#10 [internal function]: Laravel\\Telescope\\Storage\\DatabaseEntriesRepository->Laravel\\Telescope\\Storage\\{closure}()
#11 /home/u517508351/domains/thogata.co.in/projects/census/vendor/laravel/framework/src/Illuminate/Collections/Arr.php(560): array_map()
#12 /home/u517508351/domains/thogata.co.in/projects/census/vendor/laravel/framework/src/Illuminate/Collections/Collection.php(768): Illuminate\\Support\\Arr::map()
#13 /home/u517508351/domains/thogata.co.in/projects/census/vendor/laravel/telescope/src/Storage/DatabaseEntriesRepository.php(177): Illuminate\\Support\\Collection->map()
#14 /home/u517508351/domains/thogata.co.in/projects/census/vendor/laravel/framework/src/Illuminate/Collections/Traits/EnumeratesValues.php(235): Laravel\\Telescope\\Storage\\DatabaseEntriesRepository->Laravel\\Telescope\\Storage\\{closure}()
#15 /home/u517508351/domains/thogata.co.in/projects/census/vendor/laravel/telescope/src/Storage/DatabaseEntriesRepository.php(178): Illuminate\\Support\\Collection->each()
#16 /home/u517508351/domains/thogata.co.in/projects/census/vendor/laravel/telescope/src/Storage/DatabaseEntriesRepository.php(139): Laravel\\Telescope\\Storage\\DatabaseEntriesRepository->storeExceptions()
#17 /home/u517508351/domains/thogata.co.in/projects/census/vendor/laravel/telescope/src/Telescope.php(668): Laravel\\Telescope\\Storage\\DatabaseEntriesRepository->store()
#18 [internal function]: Laravel\\Telescope\\Telescope::Laravel\\Telescope\\{closure}()
#19 /home/u517508351/domains/thogata.co.in/projects/census/vendor/laravel/telescope/src/Telescope.php(293): call_user_func()
#20 /home/u517508351/domains/thogata.co.in/projects/census/vendor/laravel/telescope/src/Telescope.php(686): Laravel\\Telescope\\Telescope::withoutRecording()
#21 /home/u517508351/domains/thogata.co.in/projects/census/vendor/laravel/telescope/src/ListensForStorageOpportunities.php(65): Laravel\\Telescope\\Telescope::store()
#22 /home/u517508351/domains/thogata.co.in/projects/census/vendor/laravel/framework/src/Illuminate/Container/BoundMethod.php(36): Laravel\\Telescope\\Telescope::Laravel\\Telescope\\{closure}()
#23 /home/u517508351/domains/thogata.co.in/projects/census/vendor/laravel/framework/src/Illuminate/Container/Util.php(41): Illuminate\\Container\\BoundMethod::Illuminate\\Container\\{closure}()
#24 /home/u517508351/domains/thogata.co.in/projects/census/vendor/laravel/framework/src/Illuminate/Container/BoundMethod.php(81): Illuminate\\Container\\Util::unwrapIfClosure()
#25 /home/u517508351/domains/thogata.co.in/projects/census/vendor/laravel/framework/src/Illuminate/Container/BoundMethod.php(37): Illuminate\\Container\\BoundMethod::callBoundMethod()
#26 /home/u517508351/domains/thogata.co.in/projects/census/vendor/laravel/framework/src/Illuminate/Container/Container.php(661): Illuminate\\Container\\BoundMethod::call()
#27 /home/u517508351/domains/thogata.co.in/projects/census/vendor/laravel/framework/src/Illuminate/Foundation/Application.php(1173): Illuminate\\Container\\Container->call()
#28 /home/u517508351/domains/thogata.co.in/projects/census/vendor/laravel/framework/src/Illuminate/Foundation/Console/Kernel.php(174): Illuminate\\Foundation\\Application->terminate()
#29 /home/u517508351/domains/thogata.co.in/projects/census/artisan(51): Illuminate\\Foundation\\Console\\Kernel->terminate()
#30 {main}

[previous exception] [object] (PDOException(code: 1045): SQLSTATE[HY000] [1045] Access denied for user 'root'@'127.0.0.1' (using password: NO) at /home/u517508351/domains/thogata.co.in/projects/census/vendor/laravel/framework/src/Illuminate/Database/Connectors/Connector.php:70)
[stacktrace]
#0 /home/u517508351/domains/thogata.co.in/projects/census/vendor/laravel/framework/src/Illuminate/Database/Connectors/Connector.php(70): PDO->__construct()
#1 /home/u517508351/domains/thogata.co.in/projects/census/vendor/laravel/framework/src/Illuminate/Database/Connectors/Connector.php(46): Illuminate\\Database\\Connectors\\Connector->createPdoConnection()
#2 /home/u517508351/domains/thogata.co.in/projects/census/vendor/laravel/framework/src/Illuminate/Database/Connectors/MySqlConnector.php(24): Illuminate\\Database\\Connectors\\Connector->createConnection()
#3 /home/u517508351/domains/thogata.co.in/projects/census/vendor/laravel/framework/src/Illuminate/Database/Connectors/ConnectionFactory.php(184): Illuminate\\Database\\Connectors\\MySqlConnector->connect()
#4 [internal function]: Illuminate\\Database\\Connectors\\ConnectionFactory->Illuminate\\Database\\Connectors\\{closure}()
#5 /home/u517508351/domains/thogata.co.in/projects/census/vendor/laravel/framework/src/Illuminate/Database/Connection.php(1181): call_user_func()
#6 /home/u517508351/domains/thogata.co.in/projects/census/vendor/laravel/framework/src/Illuminate/Database/Connection.php(1217): Illuminate\\Database\\Connection->getPdo()
#7 /home/u517508351/domains/thogata.co.in/projects/census/vendor/laravel/framework/src/Illuminate/Database/Connection.php(486): Illuminate\\Database\\Connection->getReadPdo()
#8 /home/u517508351/domains/thogata.co.in/projects/census/vendor/laravel/framework/src/Illuminate/Database/Connection.php(414): Illuminate\\Database\\Connection->getPdoForSelect()
#9 /home/u517508351/domains/thogata.co.in/projects/census/vendor/laravel/framework/src/Illuminate/Database/Connection.php(753): Illuminate\\Database\\Connection->Illuminate\\Database\\{closure}()
#10 /home/u517508351/domains/thogata.co.in/projects/census/vendor/laravel/framework/src/Illuminate/Database/Connection.php(720): Illuminate\\Database\\Connection->runQueryCallback()
#11 /home/u517508351/domains/thogata.co.in/projects/census/vendor/laravel/framework/src/Illuminate/Database/Connection.php(422): Illuminate\\Database\\Connection->run()
#12 /home/u517508351/domains/thogata.co.in/projects/census/vendor/laravel/framework/src/Illuminate/Database/Query/Builder.php(2706): Illuminate\\Database\\Connection->select()
#13 /home/u517508351/domains/thogata.co.in/projects/census/vendor/laravel/framework/src/Illuminate/Database/Query/Builder.php(2694): Illuminate\\Database\\Query\\Builder->runSelect()
#14 /home/u517508351/domains/thogata.co.in/projects/census/vendor/laravel/framework/src/Illuminate/Database/Query/Builder.php(3230): Illuminate\\Database\\Query\\Builder->Illuminate\\Database\\Query\\{closure}()
#15 /home/u517508351/domains/thogata.co.in/projects/census/vendor/laravel/framework/src/Illuminate/Database/Query/Builder.php(2695): Illuminate\\Database\\Query\\Builder->onceWithColumns()
#16 /home/u517508351/domains/thogata.co.in/projects/census/vendor/laravel/framework/src/Illuminate/Database/Query/Builder.php(3157): Illuminate\\Database\\Query\\Builder->get()
#17 /home/u517508351/domains/thogata.co.in/projects/census/vendor/laravel/framework/src/Illuminate/Database/Query/Builder.php(3085): Illuminate\\Database\\Query\\Builder->aggregate()
#18 /home/u517508351/domains/thogata.co.in/projects/census/vendor/laravel/telescope/src/Storage/DatabaseEntriesRepository.php(122): Illuminate\\Database\\Query\\Builder->count()
#19 /home/u517508351/domains/thogata.co.in/projects/census/vendor/laravel/telescope/src/Storage/DatabaseEntriesRepository.php(164): Laravel\\Telescope\\Storage\\DatabaseEntriesRepository->countExceptionOccurences()
#20 [internal function]: Laravel\\Telescope\\Storage\\DatabaseEntriesRepository->Laravel\\Telescope\\Storage\\{closure}()
#21 /home/u517508351/domains/thogata.co.in/projects/census/vendor/laravel/framework/src/Illuminate/Collections/Arr.php(560): array_map()
#22 /home/u517508351/domains/thogata.co.in/projects/census/vendor/laravel/framework/src/Illuminate/Collections/Collection.php(768): Illuminate\\Support\\Arr::map()
#23 /home/u517508351/domains/thogata.co.in/projects/census/vendor/laravel/telescope/src/Storage/DatabaseEntriesRepository.php(177): Illuminate\\Support\\Collection->map()
#24 /home/u517508351/domains/thogata.co.in/projects/census/vendor/laravel/framework/src/Illuminate/Collections/Traits/EnumeratesValues.php(235): Laravel\\Telescope\\Storage\\DatabaseEntriesRepository->Laravel\\Telescope\\Storage\\{closure}()
#25 /home/u517508351/domains/thogata.co.in/projects/census/vendor/laravel/telescope/src/Storage/DatabaseEntriesRepository.php(178): Illuminate\\Support\\Collection->each()
#26 /home/u517508351/domains/thogata.co.in/projects/census/vendor/laravel/telescope/src/Storage/DatabaseEntriesRepository.php(139): Laravel\\Telescope\\Storage\\DatabaseEntriesRepository->storeExceptions()
#27 /home/u517508351/domains/thogata.co.in/projects/census/vendor/laravel/telescope/src/Telescope.php(668): Laravel\\Telescope\\Storage\\DatabaseEntriesRepository->store()
#28 [internal function]: Laravel\\Telescope\\Telescope::Laravel\\Telescope\\{closure}()
#29 /home/u517508351/domains/thogata.co.in/projects/census/vendor/laravel/telescope/src/Telescope.php(293): call_user_func()
#30 /home/u517508351/domains/thogata.co.in/projects/census/vendor/laravel/telescope/src/Telescope.php(686): Laravel\\Telescope\\Telescope::withoutRecording()
#31 /home/u517508351/domains/thogata.co.in/projects/census/vendor/laravel/telescope/src/ListensForStorageOpportunities.php(65): Laravel\\Telescope\\Telescope::store()
#32 /home/u517508351/domains/thogata.co.in/projects/census/vendor/laravel/framework/src/Illuminate/Container/BoundMethod.php(36): Laravel\\Telescope\\Telescope::Laravel\\Telescope\\{closure}()
#33 /home/u517508351/domains/thogata.co.in/projects/census/vendor/laravel/framework/src/Illuminate/Container/Util.php(41): Illuminate\\Container\\BoundMethod::Illuminate\\Container\\{closure}()
#34 /home/u517508351/domains/thogata.co.in/projects/census/vendor/laravel/framework/src/Illuminate/Container/BoundMethod.php(81): Illuminate\\Container\\Util::unwrapIfClosure()
#35 /home/u517508351/domains/thogata.co.in/projects/census/vendor/laravel/framework/src/Illuminate/Container/BoundMethod.php(37): Illuminate\\Container\\BoundMethod::callBoundMethod()
#36 /home/u517508351/domains/thogata.co.in/projects/census/vendor/laravel/framework/src/Illuminate/Container/Container.php(661): Illuminate\\Container\\BoundMethod::call()
#37 /home/u517508351/domains/thogata.co.in/projects/census/vendor/laravel/framework/src/Illuminate/Foundation/Application.php(1173): Illuminate\\Container\\Container->call()
#38 /home/u517508351/domains/thogata.co.in/projects/census/vendor/laravel/framework/src/Illuminate/Foundation/Console/Kernel.php(174): Illuminate\\Foundation\\Application->terminate()
#39 /home/u517508351/domains/thogata.co.in/projects/census/artisan(51): Illuminate\\Foundation\\Console\\Kernel->terminate()
#40 {main}
"} 
[2024-01-05 12:21:03] local.ERROR: SQLSTATE[HY000] [1045] Access denied for user 'root'@'127.0.0.1' (using password: NO) (SQL: insert into `telescope_entries` (`batch_id`, `content`, `created_at`, `family_hash`, `type`, `uuid`) values (9b0486f4-ec19-4ad9-8bb1-3aa192ed3626, {"command":"key:gen","exit_code":0,"arguments":{"command":"key:gen"},"options":{"show":false,"force":false,"help":false,"quiet":false,"verbose":false,"version":false,"ansi":null,"no-interaction":false,"env":null},"hostname":"uk-fast-web660.main-hosting.eu"}, 2024-01-05 12:21:03, ?, command, 9b0486f4-ea0c-461e-8120-c19e663a3806)) {"exception":"[object] (Illuminate\\Database\\QueryException(code: 1045): SQLSTATE[HY000] [1045] Access denied for user 'root'@'127.0.0.1' (using password: NO) (SQL: insert into `telescope_entries` (`batch_id`, `content`, `created_at`, `family_hash`, `type`, `uuid`) values (9b0486f4-ec19-4ad9-8bb1-3aa192ed3626, {\"command\":\"key:gen\",\"exit_code\":0,\"arguments\":{\"command\":\"key:gen\"},\"options\":{\"show\":false,\"force\":false,\"help\":false,\"quiet\":false,\"verbose\":false,\"version\":false,\"ansi\":null,\"no-interaction\":false,\"env\":null},\"hostname\":\"uk-fast-web660.main-hosting.eu\"}, 2024-01-05 12:21:03, ?, command, 9b0486f4-ea0c-461e-8120-c19e663a3806)) at /home/u517508351/domains/thogata.co.in/projects/census/vendor/laravel/framework/src/Illuminate/Database/Connection.php:760)
[stacktrace]
#0 /home/u517508351/domains/thogata.co.in/projects/census/vendor/laravel/framework/src/Illuminate/Database/Connection.php(720): Illuminate\\Database\\Connection->runQueryCallback()
#1 /home/u517508351/domains/thogata.co.in/projects/census/vendor/laravel/framework/src/Illuminate/Database/Connection.php(546): Illuminate\\Database\\Connection->run()
#2 /home/u517508351/domains/thogata.co.in/projects/census/vendor/laravel/framework/src/Illuminate/Database/Connection.php(498): Illuminate\\Database\\Connection->statement()
#3 /home/u517508351/domains/thogata.co.in/projects/census/vendor/laravel/framework/src/Illuminate/Database/Query/Builder.php(3274): Illuminate\\Database\\Connection->insert()
#4 /home/u517508351/domains/thogata.co.in/projects/census/vendor/laravel/telescope/src/Storage/DatabaseEntriesRepository.php(148): Illuminate\\Database\\Query\\Builder->insert()
#5 /home/u517508351/domains/thogata.co.in/projects/census/vendor/laravel/framework/src/Illuminate/Collections/Traits/EnumeratesValues.php(235): Laravel\\Telescope\\Storage\\DatabaseEntriesRepository->Laravel\\Telescope\\Storage\\{closure}()
#6 /home/u517508351/domains/thogata.co.in/projects/census/vendor/laravel/telescope/src/Storage/DatabaseEntriesRepository.php(149): Illuminate\\Support\\Collection->each()
#7 /home/u517508351/domains/thogata.co.in/projects/census/vendor/laravel/telescope/src/Telescope.php(668): Laravel\\Telescope\\Storage\\DatabaseEntriesRepository->store()
#8 [internal function]: Laravel\\Telescope\\Telescope::Laravel\\Telescope\\{closure}()
#9 /home/u517508351/domains/thogata.co.in/projects/census/vendor/laravel/telescope/src/Telescope.php(293): call_user_func()
#10 /home/u517508351/domains/thogata.co.in/projects/census/vendor/laravel/telescope/src/Telescope.php(686): Laravel\\Telescope\\Telescope::withoutRecording()
#11 /home/u517508351/domains/thogata.co.in/projects/census/vendor/laravel/telescope/src/ListensForStorageOpportunities.php(65): Laravel\\Telescope\\Telescope::store()
#12 /home/u517508351/domains/thogata.co.in/projects/census/vendor/laravel/framework/src/Illuminate/Container/BoundMethod.php(36): Laravel\\Telescope\\Telescope::Laravel\\Telescope\\{closure}()
#13 /home/u517508351/domains/thogata.co.in/projects/census/vendor/laravel/framework/src/Illuminate/Container/Util.php(41): Illuminate\\Container\\BoundMethod::Illuminate\\Container\\{closure}()
#14 /home/u517508351/domains/thogata.co.in/projects/census/vendor/laravel/framework/src/Illuminate/Container/BoundMethod.php(81): Illuminate\\Container\\Util::unwrapIfClosure()
#15 /home/u517508351/domains/thogata.co.in/projects/census/vendor/laravel/framework/src/Illuminate/Container/BoundMethod.php(37): Illuminate\\Container\\BoundMethod::callBoundMethod()
#16 /home/u517508351/domains/thogata.co.in/projects/census/vendor/laravel/framework/src/Illuminate/Container/Container.php(661): Illuminate\\Container\\BoundMethod::call()
#17 /home/u517508351/domains/thogata.co.in/projects/census/vendor/laravel/framework/src/Illuminate/Foundation/Application.php(1173): Illuminate\\Container\\Container->call()
#18 /home/u517508351/domains/thogata.co.in/projects/census/vendor/laravel/framework/src/Illuminate/Foundation/Console/Kernel.php(174): Illuminate\\Foundation\\Application->terminate()
#19 /home/u517508351/domains/thogata.co.in/projects/census/artisan(51): Illuminate\\Foundation\\Console\\Kernel->terminate()
#20 {main}

[previous exception] [object] (PDOException(code: 1045): SQLSTATE[HY000] [1045] Access denied for user 'root'@'127.0.0.1' (using password: NO) at /home/u517508351/domains/thogata.co.in/projects/census/vendor/laravel/framework/src/Illuminate/Database/Connectors/Connector.php:70)
[stacktrace]
#0 /home/u517508351/domains/thogata.co.in/projects/census/vendor/laravel/framework/src/Illuminate/Database/Connectors/Connector.php(70): PDO->__construct()
#1 /home/u517508351/domains/thogata.co.in/projects/census/vendor/laravel/framework/src/Illuminate/Database/Connectors/Connector.php(46): Illuminate\\Database\\Connectors\\Connector->createPdoConnection()
#2 /home/u517508351/domains/thogata.co.in/projects/census/vendor/laravel/framework/src/Illuminate/Database/Connectors/MySqlConnector.php(24): Illuminate\\Database\\Connectors\\Connector->createConnection()
#3 /home/u517508351/domains/thogata.co.in/projects/census/vendor/laravel/framework/src/Illuminate/Database/Connectors/ConnectionFactory.php(184): Illuminate\\Database\\Connectors\\MySqlConnector->connect()
#4 [internal function]: Illuminate\\Database\\Connectors\\ConnectionFactory->Illuminate\\Database\\Connectors\\{closure}()
#5 /home/u517508351/domains/thogata.co.in/projects/census/vendor/laravel/framework/src/Illuminate/Database/Connection.php(1181): call_user_func()
#6 /home/u517508351/domains/thogata.co.in/projects/census/vendor/laravel/framework/src/Illuminate/Database/Connection.php(539): Illuminate\\Database\\Connection->getPdo()
#7 /home/u517508351/domains/thogata.co.in/projects/census/vendor/laravel/framework/src/Illuminate/Database/Connection.php(753): Illuminate\\Database\\Connection->Illuminate\\Database\\{closure}()
#8 /home/u517508351/domains/thogata.co.in/projects/census/vendor/laravel/framework/src/Illuminate/Database/Connection.php(720): Illuminate\\Database\\Connection->runQueryCallback()
#9 /home/u517508351/domains/thogata.co.in/projects/census/vendor/laravel/framework/src/Illuminate/Database/Connection.php(546): Illuminate\\Database\\Connection->run()
#10 /home/u517508351/domains/thogata.co.in/projects/census/vendor/laravel/framework/src/Illuminate/Database/Connection.php(498): Illuminate\\Database\\Connection->statement()
#11 /home/u517508351/domains/thogata.co.in/projects/census/vendor/laravel/framework/src/Illuminate/Database/Query/Builder.php(3274): Illuminate\\Database\\Connection->insert()
#12 /home/u517508351/domains/thogata.co.in/projects/census/vendor/laravel/telescope/src/Storage/DatabaseEntriesRepository.php(148): Illuminate\\Database\\Query\\Builder->insert()
#13 /home/u517508351/domains/thogata.co.in/projects/census/vendor/laravel/framework/src/Illuminate/Collections/Traits/EnumeratesValues.php(235): Laravel\\Telescope\\Storage\\DatabaseEntriesRepository->Laravel\\Telescope\\Storage\\{closure}()
#14 /home/u517508351/domains/thogata.co.in/projects/census/vendor/laravel/telescope/src/Storage/DatabaseEntriesRepository.php(149): Illuminate\\Support\\Collection->each()
#15 /home/u517508351/domains/thogata.co.in/projects/census/vendor/laravel/telescope/src/Telescope.php(668): Laravel\\Telescope\\Storage\\DatabaseEntriesRepository->store()
#16 [internal function]: Laravel\\Telescope\\Telescope::Laravel\\Telescope\\{closure}()
#17 /home/u517508351/domains/thogata.co.in/projects/census/vendor/laravel/telescope/src/Telescope.php(293): call_user_func()
#18 /home/u517508351/domains/thogata.co.in/projects/census/vendor/laravel/telescope/src/Telescope.php(686): Laravel\\Telescope\\Telescope::withoutRecording()
#19 /home/u517508351/domains/thogata.co.in/projects/census/vendor/laravel/telescope/src/ListensForStorageOpportunities.php(65): Laravel\\Telescope\\Telescope::store()
#20 /home/u517508351/domains/thogata.co.in/projects/census/vendor/laravel/framework/src/Illuminate/Container/BoundMethod.php(36): Laravel\\Telescope\\Telescope::Laravel\\Telescope\\{closure}()
#21 /home/u517508351/domains/thogata.co.in/projects/census/vendor/laravel/framework/src/Illuminate/Container/Util.php(41): Illuminate\\Container\\BoundMethod::Illuminate\\Container\\{closure}()
#22 /home/u517508351/domains/thogata.co.in/projects/census/vendor/laravel/framework/src/Illuminate/Container/BoundMethod.php(81): Illuminate\\Container\\Util::unwrapIfClosure()
#23 /home/u517508351/domains/thogata.co.in/projects/census/vendor/laravel/framework/src/Illuminate/Container/BoundMethod.php(37): Illuminate\\Container\\BoundMethod::callBoundMethod()
#24 /home/u517508351/domains/thogata.co.in/projects/census/vendor/laravel/framework/src/Illuminate/Container/Container.php(661): Illuminate\\Container\\BoundMethod::call()
#25 /home/u517508351/domains/thogata.co.in/projects/census/vendor/laravel/framework/src/Illuminate/Foundation/Application.php(1173): Illuminate\\Container\\Container->call()
#26 /home/u517508351/domains/thogata.co.in/projects/census/vendor/laravel/framework/src/Illuminate/Foundation/Console/Kernel.php(174): Illuminate\\Foundation\\Application->terminate()
#27 /home/u517508351/domains/thogata.co.in/projects/census/artisan(51): Illuminate\\Foundation\\Console\\Kernel->terminate()
#28 {main}
"} 
[2024-01-05 12:22:07] local.ERROR: SQLSTATE[HY000] [1045] Access denied for user 'root'@'127.0.0.1' (using password: NO) (SQL: insert into `telescope_entries` (`batch_id`, `content`, `created_at`, `family_hash`, `type`, `uuid`) values (9b048755-c3bb-468a-91b1-22fd383123ed, {"command":"key:gen","exit_code":0,"arguments":{"command":"key:gen"},"options":{"show":false,"force":false,"help":false,"quiet":false,"verbose":false,"version":false,"ansi":null,"no-interaction":false,"env":null},"hostname":"uk-fast-web660.main-hosting.eu"}, 2024-01-05 12:22:07, ?, command, 9b048755-c1c3-41d8-857c-237fb449cd4b)) {"exception":"[object] (Illuminate\\Database\\QueryException(code: 1045): SQLSTATE[HY000] [1045] Access denied for user 'root'@'127.0.0.1' (using password: NO) (SQL: insert into `telescope_entries` (`batch_id`, `content`, `created_at`, `family_hash`, `type`, `uuid`) values (9b048755-c3bb-468a-91b1-22fd383123ed, {\"command\":\"key:gen\",\"exit_code\":0,\"arguments\":{\"command\":\"key:gen\"},\"options\":{\"show\":false,\"force\":false,\"help\":false,\"quiet\":false,\"verbose\":false,\"version\":false,\"ansi\":null,\"no-interaction\":false,\"env\":null},\"hostname\":\"uk-fast-web660.main-hosting.eu\"}, 2024-01-05 12:22:07, ?, command, 9b048755-c1c3-41d8-857c-237fb449cd4b)) at /home/u517508351/domains/thogata.co.in/projects/census/vendor/laravel/framework/src/Illuminate/Database/Connection.php:760)
[stacktrace]
#0 /home/u517508351/domains/thogata.co.in/projects/census/vendor/laravel/framework/src/Illuminate/Database/Connection.php(720): Illuminate\\Database\\Connection->runQueryCallback()
#1 /home/u517508351/domains/thogata.co.in/projects/census/vendor/laravel/framework/src/Illuminate/Database/Connection.php(546): Illuminate\\Database\\Connection->run()
#2 /home/u517508351/domains/thogata.co.in/projects/census/vendor/laravel/framework/src/Illuminate/Database/Connection.php(498): Illuminate\\Database\\Connection->statement()
#3 /home/u517508351/domains/thogata.co.in/projects/census/vendor/laravel/framework/src/Illuminate/Database/Query/Builder.php(3274): Illuminate\\Database\\Connection->insert()
#4 /home/u517508351/domains/thogata.co.in/projects/census/vendor/laravel/telescope/src/Storage/DatabaseEntriesRepository.php(148): Illuminate\\Database\\Query\\Builder->insert()
#5 /home/u517508351/domains/thogata.co.in/projects/census/vendor/laravel/framework/src/Illuminate/Collections/Traits/EnumeratesValues.php(235): Laravel\\Telescope\\Storage\\DatabaseEntriesRepository->Laravel\\Telescope\\Storage\\{closure}()
#6 /home/u517508351/domains/thogata.co.in/projects/census/vendor/laravel/telescope/src/Storage/DatabaseEntriesRepository.php(149): Illuminate\\Support\\Collection->each()
#7 /home/u517508351/domains/thogata.co.in/projects/census/vendor/laravel/telescope/src/Telescope.php(668): Laravel\\Telescope\\Storage\\DatabaseEntriesRepository->store()
#8 [internal function]: Laravel\\Telescope\\Telescope::Laravel\\Telescope\\{closure}()
#9 /home/u517508351/domains/thogata.co.in/projects/census/vendor/laravel/telescope/src/Telescope.php(293): call_user_func()
#10 /home/u517508351/domains/thogata.co.in/projects/census/vendor/laravel/telescope/src/Telescope.php(686): Laravel\\Telescope\\Telescope::withoutRecording()
#11 /home/u517508351/domains/thogata.co.in/projects/census/vendor/laravel/telescope/src/ListensForStorageOpportunities.php(65): Laravel\\Telescope\\Telescope::store()
#12 /home/u517508351/domains/thogata.co.in/projects/census/vendor/laravel/framework/src/Illuminate/Container/BoundMethod.php(36): Laravel\\Telescope\\Telescope::Laravel\\Telescope\\{closure}()
#13 /home/u517508351/domains/thogata.co.in/projects/census/vendor/laravel/framework/src/Illuminate/Container/Util.php(41): Illuminate\\Container\\BoundMethod::Illuminate\\Container\\{closure}()
#14 /home/u517508351/domains/thogata.co.in/projects/census/vendor/laravel/framework/src/Illuminate/Container/BoundMethod.php(81): Illuminate\\Container\\Util::unwrapIfClosure()
#15 /home/u517508351/domains/thogata.co.in/projects/census/vendor/laravel/framework/src/Illuminate/Container/BoundMethod.php(37): Illuminate\\Container\\BoundMethod::callBoundMethod()
#16 /home/u517508351/domains/thogata.co.in/projects/census/vendor/laravel/framework/src/Illuminate/Container/Container.php(661): Illuminate\\Container\\BoundMethod::call()
#17 /home/u517508351/domains/thogata.co.in/projects/census/vendor/laravel/framework/src/Illuminate/Foundation/Application.php(1173): Illuminate\\Container\\Container->call()
#18 /home/u517508351/domains/thogata.co.in/projects/census/vendor/laravel/framework/src/Illuminate/Foundation/Console/Kernel.php(174): Illuminate\\Foundation\\Application->terminate()
#19 /home/u517508351/domains/thogata.co.in/projects/census/artisan(51): Illuminate\\Foundation\\Console\\Kernel->terminate()
#20 {main}

[previous exception] [object] (PDOException(code: 1045): SQLSTATE[HY000] [1045] Access denied for user 'root'@'127.0.0.1' (using password: NO) at /home/u517508351/domains/thogata.co.in/projects/census/vendor/laravel/framework/src/Illuminate/Database/Connectors/Connector.php:70)
[stacktrace]
#0 /home/u517508351/domains/thogata.co.in/projects/census/vendor/laravel/framework/src/Illuminate/Database/Connectors/Connector.php(70): PDO->__construct()
#1 /home/u517508351/domains/thogata.co.in/projects/census/vendor/laravel/framework/src/Illuminate/Database/Connectors/Connector.php(46): Illuminate\\Database\\Connectors\\Connector->createPdoConnection()
#2 /home/u517508351/domains/thogata.co.in/projects/census/vendor/laravel/framework/src/Illuminate/Database/Connectors/MySqlConnector.php(24): Illuminate\\Database\\Connectors\\Connector->createConnection()
#3 /home/u517508351/domains/thogata.co.in/projects/census/vendor/laravel/framework/src/Illuminate/Database/Connectors/ConnectionFactory.php(184): Illuminate\\Database\\Connectors\\MySqlConnector->connect()
#4 [internal function]: Illuminate\\Database\\Connectors\\ConnectionFactory->Illuminate\\Database\\Connectors\\{closure}()
#5 /home/u517508351/domains/thogata.co.in/projects/census/vendor/laravel/framework/src/Illuminate/Database/Connection.php(1181): call_user_func()
#6 /home/u517508351/domains/thogata.co.in/projects/census/vendor/laravel/framework/src/Illuminate/Database/Connection.php(539): Illuminate\\Database\\Connection->getPdo()
#7 /home/u517508351/domains/thogata.co.in/projects/census/vendor/laravel/framework/src/Illuminate/Database/Connection.php(753): Illuminate\\Database\\Connection->Illuminate\\Database\\{closure}()
#8 /home/u517508351/domains/thogata.co.in/projects/census/vendor/laravel/framework/src/Illuminate/Database/Connection.php(720): Illuminate\\Database\\Connection->runQueryCallback()
#9 /home/u517508351/domains/thogata.co.in/projects/census/vendor/laravel/framework/src/Illuminate/Database/Connection.php(546): Illuminate\\Database\\Connection->run()
#10 /home/u517508351/domains/thogata.co.in/projects/census/vendor/laravel/framework/src/Illuminate/Database/Connection.php(498): Illuminate\\Database\\Connection->statement()
#11 /home/u517508351/domains/thogata.co.in/projects/census/vendor/laravel/framework/src/Illuminate/Database/Query/Builder.php(3274): Illuminate\\Database\\Connection->insert()
#12 /home/u517508351/domains/thogata.co.in/projects/census/vendor/laravel/telescope/src/Storage/DatabaseEntriesRepository.php(148): Illuminate\\Database\\Query\\Builder->insert()
#13 /home/u517508351/domains/thogata.co.in/projects/census/vendor/laravel/framework/src/Illuminate/Collections/Traits/EnumeratesValues.php(235): Laravel\\Telescope\\Storage\\DatabaseEntriesRepository->Laravel\\Telescope\\Storage\\{closure}()
#14 /home/u517508351/domains/thogata.co.in/projects/census/vendor/laravel/telescope/src/Storage/DatabaseEntriesRepository.php(149): Illuminate\\Support\\Collection->each()
#15 /home/u517508351/domains/thogata.co.in/projects/census/vendor/laravel/telescope/src/Telescope.php(668): Laravel\\Telescope\\Storage\\DatabaseEntriesRepository->store()
#16 [internal function]: Laravel\\Telescope\\Telescope::Laravel\\Telescope\\{closure}()
#17 /home/u517508351/domains/thogata.co.in/projects/census/vendor/laravel/telescope/src/Telescope.php(293): call_user_func()
#18 /home/u517508351/domains/thogata.co.in/projects/census/vendor/laravel/telescope/src/Telescope.php(686): Laravel\\Telescope\\Telescope::withoutRecording()
#19 /home/u517508351/domains/thogata.co.in/projects/census/vendor/laravel/telescope/src/ListensForStorageOpportunities.php(65): Laravel\\Telescope\\Telescope::store()
#20 /home/u517508351/domains/thogata.co.in/projects/census/vendor/laravel/framework/src/Illuminate/Container/BoundMethod.php(36): Laravel\\Telescope\\Telescope::Laravel\\Telescope\\{closure}()
#21 /home/u517508351/domains/thogata.co.in/projects/census/vendor/laravel/framework/src/Illuminate/Container/Util.php(41): Illuminate\\Container\\BoundMethod::Illuminate\\Container\\{closure}()
#22 /home/u517508351/domains/thogata.co.in/projects/census/vendor/laravel/framework/src/Illuminate/Container/BoundMethod.php(81): Illuminate\\Container\\Util::unwrapIfClosure()
#23 /home/u517508351/domains/thogata.co.in/projects/census/vendor/laravel/framework/src/Illuminate/Container/BoundMethod.php(37): Illuminate\\Container\\BoundMethod::callBoundMethod()
#24 /home/u517508351/domains/thogata.co.in/projects/census/vendor/laravel/framework/src/Illuminate/Container/Container.php(661): Illuminate\\Container\\BoundMethod::call()
#25 /home/u517508351/domains/thogata.co.in/projects/census/vendor/laravel/framework/src/Illuminate/Foundation/Application.php(1173): Illuminate\\Container\\Container->call()
#26 /home/u517508351/domains/thogata.co.in/projects/census/vendor/laravel/framework/src/Illuminate/Foundation/Console/Kernel.php(174): Illuminate\\Foundation\\Application->terminate()
#27 /home/u517508351/domains/thogata.co.in/projects/census/artisan(51): Illuminate\\Foundation\\Console\\Kernel->terminate()
#28 {main}
"} 
[2024-01-05 12:22:34] local.ERROR: SQLSTATE[HY000] [1045] Access denied for user 'root'@'127.0.0.1' (using password: NO) (SQL: insert into `telescope_entries` (`batch_id`, `content`, `created_at`, `family_hash`, `type`, `uuid`) values (9b04877f-a72c-40d5-9514-60bd10c0a407, {"command":"key:generate","exit_code":0,"arguments":{"command":"key:generate"},"options":{"show":false,"force":false,"help":false,"quiet":false,"verbose":false,"version":false,"ansi":null,"no-interaction":false,"env":null},"hostname":"uk-fast-web660.main-hosting.eu"}, 2024-01-05 12:22:34, ?, command, 9b04877f-a53d-4e26-b4fe-d54c0b9dbf76)) {"exception":"[object] (Illuminate\\Database\\QueryException(code: 1045): SQLSTATE[HY000] [1045] Access denied for user 'root'@'127.0.0.1' (using password: NO) (SQL: insert into `telescope_entries` (`batch_id`, `content`, `created_at`, `family_hash`, `type`, `uuid`) values (9b04877f-a72c-40d5-9514-60bd10c0a407, {\"command\":\"key:generate\",\"exit_code\":0,\"arguments\":{\"command\":\"key:generate\"},\"options\":{\"show\":false,\"force\":false,\"help\":false,\"quiet\":false,\"verbose\":false,\"version\":false,\"ansi\":null,\"no-interaction\":false,\"env\":null},\"hostname\":\"uk-fast-web660.main-hosting.eu\"}, 2024-01-05 12:22:34, ?, command, 9b04877f-a53d-4e26-b4fe-d54c0b9dbf76)) at /home/u517508351/domains/thogata.co.in/projects/census/vendor/laravel/framework/src/Illuminate/Database/Connection.php:760)
[stacktrace]
#0 /home/u517508351/domains/thogata.co.in/projects/census/vendor/laravel/framework/src/Illuminate/Database/Connection.php(720): Illuminate\\Database\\Connection->runQueryCallback()
#1 /home/u517508351/domains/thogata.co.in/projects/census/vendor/laravel/framework/src/Illuminate/Database/Connection.php(546): Illuminate\\Database\\Connection->run()
#2 /home/u517508351/domains/thogata.co.in/projects/census/vendor/laravel/framework/src/Illuminate/Database/Connection.php(498): Illuminate\\Database\\Connection->statement()
#3 /home/u517508351/domains/thogata.co.in/projects/census/vendor/laravel/framework/src/Illuminate/Database/Query/Builder.php(3274): Illuminate\\Database\\Connection->insert()
#4 /home/u517508351/domains/thogata.co.in/projects/census/vendor/laravel/telescope/src/Storage/DatabaseEntriesRepository.php(148): Illuminate\\Database\\Query\\Builder->insert()
#5 /home/u517508351/domains/thogata.co.in/projects/census/vendor/laravel/framework/src/Illuminate/Collections/Traits/EnumeratesValues.php(235): Laravel\\Telescope\\Storage\\DatabaseEntriesRepository->Laravel\\Telescope\\Storage\\{closure}()
#6 /home/u517508351/domains/thogata.co.in/projects/census/vendor/laravel/telescope/src/Storage/DatabaseEntriesRepository.php(149): Illuminate\\Support\\Collection->each()
#7 /home/u517508351/domains/thogata.co.in/projects/census/vendor/laravel/telescope/src/Telescope.php(668): Laravel\\Telescope\\Storage\\DatabaseEntriesRepository->store()
#8 [internal function]: Laravel\\Telescope\\Telescope::Laravel\\Telescope\\{closure}()
#9 /home/u517508351/domains/thogata.co.in/projects/census/vendor/laravel/telescope/src/Telescope.php(293): call_user_func()
#10 /home/u517508351/domains/thogata.co.in/projects/census/vendor/laravel/telescope/src/Telescope.php(686): Laravel\\Telescope\\Telescope::withoutRecording()
#11 /home/u517508351/domains/thogata.co.in/projects/census/vendor/laravel/telescope/src/ListensForStorageOpportunities.php(65): Laravel\\Telescope\\Telescope::store()
#12 /home/u517508351/domains/thogata.co.in/projects/census/vendor/laravel/framework/src/Illuminate/Container/BoundMethod.php(36): Laravel\\Telescope\\Telescope::Laravel\\Telescope\\{closure}()
#13 /home/u517508351/domains/thogata.co.in/projects/census/vendor/laravel/framework/src/Illuminate/Container/Util.php(41): Illuminate\\Container\\BoundMethod::Illuminate\\Container\\{closure}()
#14 /home/u517508351/domains/thogata.co.in/projects/census/vendor/laravel/framework/src/Illuminate/Container/BoundMethod.php(81): Illuminate\\Container\\Util::unwrapIfClosure()
#15 /home/u517508351/domains/thogata.co.in/projects/census/vendor/laravel/framework/src/Illuminate/Container/BoundMethod.php(37): Illuminate\\Container\\BoundMethod::callBoundMethod()
#16 /home/u517508351/domains/thogata.co.in/projects/census/vendor/laravel/framework/src/Illuminate/Container/Container.php(661): Illuminate\\Container\\BoundMethod::call()
#17 /home/u517508351/domains/thogata.co.in/projects/census/vendor/laravel/framework/src/Illuminate/Foundation/Application.php(1173): Illuminate\\Container\\Container->call()
#18 /home/u517508351/domains/thogata.co.in/projects/census/vendor/laravel/framework/src/Illuminate/Foundation/Console/Kernel.php(174): Illuminate\\Foundation\\Application->terminate()
#19 /home/u517508351/domains/thogata.co.in/projects/census/artisan(51): Illuminate\\Foundation\\Console\\Kernel->terminate()
#20 {main}

[previous exception] [object] (PDOException(code: 1045): SQLSTATE[HY000] [1045] Access denied for user 'root'@'127.0.0.1' (using password: NO) at /home/u517508351/domains/thogata.co.in/projects/census/vendor/laravel/framework/src/Illuminate/Database/Connectors/Connector.php:70)
[stacktrace]
#0 /home/u517508351/domains/thogata.co.in/projects/census/vendor/laravel/framework/src/Illuminate/Database/Connectors/Connector.php(70): PDO->__construct()
#1 /home/u517508351/domains/thogata.co.in/projects/census/vendor/laravel/framework/src/Illuminate/Database/Connectors/Connector.php(46): Illuminate\\Database\\Connectors\\Connector->createPdoConnection()
#2 /home/u517508351/domains/thogata.co.in/projects/census/vendor/laravel/framework/src/Illuminate/Database/Connectors/MySqlConnector.php(24): Illuminate\\Database\\Connectors\\Connector->createConnection()
#3 /home/u517508351/domains/thogata.co.in/projects/census/vendor/laravel/framework/src/Illuminate/Database/Connectors/ConnectionFactory.php(184): Illuminate\\Database\\Connectors\\MySqlConnector->connect()
#4 [internal function]: Illuminate\\Database\\Connectors\\ConnectionFactory->Illuminate\\Database\\Connectors\\{closure}()
#5 /home/u517508351/domains/thogata.co.in/projects/census/vendor/laravel/framework/src/Illuminate/Database/Connection.php(1181): call_user_func()
#6 /home/u517508351/domains/thogata.co.in/projects/census/vendor/laravel/framework/src/Illuminate/Database/Connection.php(539): Illuminate\\Database\\Connection->getPdo()
#7 /home/u517508351/domains/thogata.co.in/projects/census/vendor/laravel/framework/src/Illuminate/Database/Connection.php(753): Illuminate\\Database\\Connection->Illuminate\\Database\\{closure}()
#8 /home/u517508351/domains/thogata.co.in/projects/census/vendor/laravel/framework/src/Illuminate/Database/Connection.php(720): Illuminate\\Database\\Connection->runQueryCallback()
#9 /home/u517508351/domains/thogata.co.in/projects/census/vendor/laravel/framework/src/Illuminate/Database/Connection.php(546): Illuminate\\Database\\Connection->run()
#10 /home/u517508351/domains/thogata.co.in/projects/census/vendor/laravel/framework/src/Illuminate/Database/Connection.php(498): Illuminate\\Database\\Connection->statement()
#11 /home/u517508351/domains/thogata.co.in/projects/census/vendor/laravel/framework/src/Illuminate/Database/Query/Builder.php(3274): Illuminate\\Database\\Connection->insert()
#12 /home/u517508351/domains/thogata.co.in/projects/census/vendor/laravel/telescope/src/Storage/DatabaseEntriesRepository.php(148): Illuminate\\Database\\Query\\Builder->insert()
#13 /home/u517508351/domains/thogata.co.in/projects/census/vendor/laravel/framework/src/Illuminate/Collections/Traits/EnumeratesValues.php(235): Laravel\\Telescope\\Storage\\DatabaseEntriesRepository->Laravel\\Telescope\\Storage\\{closure}()
#14 /home/u517508351/domains/thogata.co.in/projects/census/vendor/laravel/telescope/src/Storage/DatabaseEntriesRepository.php(149): Illuminate\\Support\\Collection->each()
#15 /home/u517508351/domains/thogata.co.in/projects/census/vendor/laravel/telescope/src/Telescope.php(668): Laravel\\Telescope\\Storage\\DatabaseEntriesRepository->store()
#16 [internal function]: Laravel\\Telescope\\Telescope::Laravel\\Telescope\\{closure}()
#17 /home/u517508351/domains/thogata.co.in/projects/census/vendor/laravel/telescope/src/Telescope.php(293): call_user_func()
#18 /home/u517508351/domains/thogata.co.in/projects/census/vendor/laravel/telescope/src/Telescope.php(686): Laravel\\Telescope\\Telescope::withoutRecording()
#19 /home/u517508351/domains/thogata.co.in/projects/census/vendor/laravel/telescope/src/ListensForStorageOpportunities.php(65): Laravel\\Telescope\\Telescope::store()
#20 /home/u517508351/domains/thogata.co.in/projects/census/vendor/laravel/framework/src/Illuminate/Container/BoundMethod.php(36): Laravel\\Telescope\\Telescope::Laravel\\Telescope\\{closure}()
#21 /home/u517508351/domains/thogata.co.in/projects/census/vendor/laravel/framework/src/Illuminate/Container/Util.php(41): Illuminate\\Container\\BoundMethod::Illuminate\\Container\\{closure}()
#22 /home/u517508351/domains/thogata.co.in/projects/census/vendor/laravel/framework/src/Illuminate/Container/BoundMethod.php(81): Illuminate\\Container\\Util::unwrapIfClosure()
#23 /home/u517508351/domains/thogata.co.in/projects/census/vendor/laravel/framework/src/Illuminate/Container/BoundMethod.php(37): Illuminate\\Container\\BoundMethod::callBoundMethod()
#24 /home/u517508351/domains/thogata.co.in/projects/census/vendor/laravel/framework/src/Illuminate/Container/Container.php(661): Illuminate\\Container\\BoundMethod::call()
#25 /home/u517508351/domains/thogata.co.in/projects/census/vendor/laravel/framework/src/Illuminate/Foundation/Application.php(1173): Illuminate\\Container\\Container->call()
#26 /home/u517508351/domains/thogata.co.in/projects/census/vendor/laravel/framework/src/Illuminate/Foundation/Console/Kernel.php(174): Illuminate\\Foundation\\Application->terminate()
#27 /home/u517508351/domains/thogata.co.in/projects/census/artisan(51): Illuminate\\Foundation\\Console\\Kernel->terminate()
#28 {main}
"} 
[2024-01-05 12:24:13] local.ERROR: SQLSTATE[HY000] [1045] Access denied for user 'root'@'127.0.0.1' (using password: NO) (SQL: insert into `telescope_entries` (`batch_id`, `content`, `created_at`, `family_hash`, `type`, `uuid`) values (9b048816-92dc-413f-80b2-465c7a1dcf67, {"command":"config:clear","exit_code":0,"arguments":{"command":"config:clear"},"options":{"help":false,"quiet":false,"verbose":false,"version":false,"ansi":null,"no-interaction":false,"env":null},"hostname":"uk-fast-web660.main-hosting.eu"}, 2024-01-05 12:24:13, ?, command, 9b048816-90eb-47eb-aaf0-a80bbb8a5d2a)) {"exception":"[object] (Illuminate\\Database\\QueryException(code: 1045): SQLSTATE[HY000] [1045] Access denied for user 'root'@'127.0.0.1' (using password: NO) (SQL: insert into `telescope_entries` (`batch_id`, `content`, `created_at`, `family_hash`, `type`, `uuid`) values (9b048816-92dc-413f-80b2-465c7a1dcf67, {\"command\":\"config:clear\",\"exit_code\":0,\"arguments\":{\"command\":\"config:clear\"},\"options\":{\"help\":false,\"quiet\":false,\"verbose\":false,\"version\":false,\"ansi\":null,\"no-interaction\":false,\"env\":null},\"hostname\":\"uk-fast-web660.main-hosting.eu\"}, 2024-01-05 12:24:13, ?, command, 9b048816-90eb-47eb-aaf0-a80bbb8a5d2a)) at /home/u517508351/domains/thogata.co.in/projects/census/vendor/laravel/framework/src/Illuminate/Database/Connection.php:760)
[stacktrace]
#0 /home/u517508351/domains/thogata.co.in/projects/census/vendor/laravel/framework/src/Illuminate/Database/Connection.php(720): Illuminate\\Database\\Connection->runQueryCallback()
#1 /home/u517508351/domains/thogata.co.in/projects/census/vendor/laravel/framework/src/Illuminate/Database/Connection.php(546): Illuminate\\Database\\Connection->run()
#2 /home/u517508351/domains/thogata.co.in/projects/census/vendor/laravel/framework/src/Illuminate/Database/Connection.php(498): Illuminate\\Database\\Connection->statement()
#3 /home/u517508351/domains/thogata.co.in/projects/census/vendor/laravel/framework/src/Illuminate/Database/Query/Builder.php(3274): Illuminate\\Database\\Connection->insert()
#4 /home/u517508351/domains/thogata.co.in/projects/census/vendor/laravel/telescope/src/Storage/DatabaseEntriesRepository.php(148): Illuminate\\Database\\Query\\Builder->insert()
#5 /home/u517508351/domains/thogata.co.in/projects/census/vendor/laravel/framework/src/Illuminate/Collections/Traits/EnumeratesValues.php(235): Laravel\\Telescope\\Storage\\DatabaseEntriesRepository->Laravel\\Telescope\\Storage\\{closure}()
#6 /home/u517508351/domains/thogata.co.in/projects/census/vendor/laravel/telescope/src/Storage/DatabaseEntriesRepository.php(149): Illuminate\\Support\\Collection->each()
#7 /home/u517508351/domains/thogata.co.in/projects/census/vendor/laravel/telescope/src/Telescope.php(668): Laravel\\Telescope\\Storage\\DatabaseEntriesRepository->store()
#8 [internal function]: Laravel\\Telescope\\Telescope::Laravel\\Telescope\\{closure}()
#9 /home/u517508351/domains/thogata.co.in/projects/census/vendor/laravel/telescope/src/Telescope.php(293): call_user_func()
#10 /home/u517508351/domains/thogata.co.in/projects/census/vendor/laravel/telescope/src/Telescope.php(686): Laravel\\Telescope\\Telescope::withoutRecording()
#11 /home/u517508351/domains/thogata.co.in/projects/census/vendor/laravel/telescope/src/ListensForStorageOpportunities.php(65): Laravel\\Telescope\\Telescope::store()
#12 /home/u517508351/domains/thogata.co.in/projects/census/vendor/laravel/framework/src/Illuminate/Container/BoundMethod.php(36): Laravel\\Telescope\\Telescope::Laravel\\Telescope\\{closure}()
#13 /home/u517508351/domains/thogata.co.in/projects/census/vendor/laravel/framework/src/Illuminate/Container/Util.php(41): Illuminate\\Container\\BoundMethod::Illuminate\\Container\\{closure}()
#14 /home/u517508351/domains/thogata.co.in/projects/census/vendor/laravel/framework/src/Illuminate/Container/BoundMethod.php(81): Illuminate\\Container\\Util::unwrapIfClosure()
#15 /home/u517508351/domains/thogata.co.in/projects/census/vendor/laravel/framework/src/Illuminate/Container/BoundMethod.php(37): Illuminate\\Container\\BoundMethod::callBoundMethod()
#16 /home/u517508351/domains/thogata.co.in/projects/census/vendor/laravel/framework/src/Illuminate/Container/Container.php(661): Illuminate\\Container\\BoundMethod::call()
#17 /home/u517508351/domains/thogata.co.in/projects/census/vendor/laravel/framework/src/Illuminate/Foundation/Application.php(1173): Illuminate\\Container\\Container->call()
#18 /home/u517508351/domains/thogata.co.in/projects/census/vendor/laravel/framework/src/Illuminate/Foundation/Console/Kernel.php(174): Illuminate\\Foundation\\Application->terminate()
#19 /home/u517508351/domains/thogata.co.in/projects/census/artisan(51): Illuminate\\Foundation\\Console\\Kernel->terminate()
#20 {main}

[previous exception] [object] (PDOException(code: 1045): SQLSTATE[HY000] [1045] Access denied for user 'root'@'127.0.0.1' (using password: NO) at /home/u517508351/domains/thogata.co.in/projects/census/vendor/laravel/framework/src/Illuminate/Database/Connectors/Connector.php:70)
[stacktrace]
#0 /home/u517508351/domains/thogata.co.in/projects/census/vendor/laravel/framework/src/Illuminate/Database/Connectors/Connector.php(70): PDO->__construct()
#1 /home/u517508351/domains/thogata.co.in/projects/census/vendor/laravel/framework/src/Illuminate/Database/Connectors/Connector.php(46): Illuminate\\Database\\Connectors\\Connector->createPdoConnection()
#2 /home/u517508351/domains/thogata.co.in/projects/census/vendor/laravel/framework/src/Illuminate/Database/Connectors/MySqlConnector.php(24): Illuminate\\Database\\Connectors\\Connector->createConnection()
#3 /home/u517508351/domains/thogata.co.in/projects/census/vendor/laravel/framework/src/Illuminate/Database/Connectors/ConnectionFactory.php(184): Illuminate\\Database\\Connectors\\MySqlConnector->connect()
#4 [internal function]: Illuminate\\Database\\Connectors\\ConnectionFactory->Illuminate\\Database\\Connectors\\{closure}()
#5 /home/u517508351/domains/thogata.co.in/projects/census/vendor/laravel/framework/src/Illuminate/Database/Connection.php(1181): call_user_func()
#6 /home/u517508351/domains/thogata.co.in/projects/census/vendor/laravel/framework/src/Illuminate/Database/Connection.php(539): Illuminate\\Database\\Connection->getPdo()
#7 /home/u517508351/domains/thogata.co.in/projects/census/vendor/laravel/framework/src/Illuminate/Database/Connection.php(753): Illuminate\\Database\\Connection->Illuminate\\Database\\{closure}()
#8 /home/u517508351/domains/thogata.co.in/projects/census/vendor/laravel/framework/src/Illuminate/Database/Connection.php(720): Illuminate\\Database\\Connection->runQueryCallback()
#9 /home/u517508351/domains/thogata.co.in/projects/census/vendor/laravel/framework/src/Illuminate/Database/Connection.php(546): Illuminate\\Database\\Connection->run()
#10 /home/u517508351/domains/thogata.co.in/projects/census/vendor/laravel/framework/src/Illuminate/Database/Connection.php(498): Illuminate\\Database\\Connection->statement()
#11 /home/u517508351/domains/thogata.co.in/projects/census/vendor/laravel/framework/src/Illuminate/Database/Query/Builder.php(3274): Illuminate\\Database\\Connection->insert()
#12 /home/u517508351/domains/thogata.co.in/projects/census/vendor/laravel/telescope/src/Storage/DatabaseEntriesRepository.php(148): Illuminate\\Database\\Query\\Builder->insert()
#13 /home/u517508351/domains/thogata.co.in/projects/census/vendor/laravel/framework/src/Illuminate/Collections/Traits/EnumeratesValues.php(235): Laravel\\Telescope\\Storage\\DatabaseEntriesRepository->Laravel\\Telescope\\Storage\\{closure}()
#14 /home/u517508351/domains/thogata.co.in/projects/census/vendor/laravel/telescope/src/Storage/DatabaseEntriesRepository.php(149): Illuminate\\Support\\Collection->each()
#15 /home/u517508351/domains/thogata.co.in/projects/census/vendor/laravel/telescope/src/Telescope.php(668): Laravel\\Telescope\\Storage\\DatabaseEntriesRepository->store()
#16 [internal function]: Laravel\\Telescope\\Telescope::Laravel\\Telescope\\{closure}()
#17 /home/u517508351/domains/thogata.co.in/projects/census/vendor/laravel/telescope/src/Telescope.php(293): call_user_func()
#18 /home/u517508351/domains/thogata.co.in/projects/census/vendor/laravel/telescope/src/Telescope.php(686): Laravel\\Telescope\\Telescope::withoutRecording()
#19 /home/u517508351/domains/thogata.co.in/projects/census/vendor/laravel/telescope/src/ListensForStorageOpportunities.php(65): Laravel\\Telescope\\Telescope::store()
#20 /home/u517508351/domains/thogata.co.in/projects/census/vendor/laravel/framework/src/Illuminate/Container/BoundMethod.php(36): Laravel\\Telescope\\Telescope::Laravel\\Telescope\\{closure}()
#21 /home/u517508351/domains/thogata.co.in/projects/census/vendor/laravel/framework/src/Illuminate/Container/Util.php(41): Illuminate\\Container\\BoundMethod::Illuminate\\Container\\{closure}()
#22 /home/u517508351/domains/thogata.co.in/projects/census/vendor/laravel/framework/src/Illuminate/Container/BoundMethod.php(81): Illuminate\\Container\\Util::unwrapIfClosure()
#23 /home/u517508351/domains/thogata.co.in/projects/census/vendor/laravel/framework/src/Illuminate/Container/BoundMethod.php(37): Illuminate\\Container\\BoundMethod::callBoundMethod()
#24 /home/u517508351/domains/thogata.co.in/projects/census/vendor/laravel/framework/src/Illuminate/Container/Container.php(661): Illuminate\\Container\\BoundMethod::call()
#25 /home/u517508351/domains/thogata.co.in/projects/census/vendor/laravel/framework/src/Illuminate/Foundation/Application.php(1173): Illuminate\\Container\\Container->call()
#26 /home/u517508351/domains/thogata.co.in/projects/census/vendor/laravel/framework/src/Illuminate/Foundation/Console/Kernel.php(174): Illuminate\\Foundation\\Application->terminate()
#27 /home/u517508351/domains/thogata.co.in/projects/census/artisan(51): Illuminate\\Foundation\\Console\\Kernel->terminate()
#28 {main}
"} 
